May 14, 2025 3:37:30 PM com.example.demo.Tool setupLogging
INFO: Tool đã khởi động và sẵn sàng làm việc.
May 14, 2025 3:37:30 PM com.example.demo.Tool lambda$startFileProcessing$0
INFO: Đang kiểm tra file trong thư mục pending...
May 14, 2025 3:37:30 PM com.example.demo.Tool lambda$startFileProcessing$0
INFO: Đường dẫn thư mục pending: /home/hieph/Documents/demo/DEMO/pending
May 14, 2025 3:37:30 PM com.example.demo.Tool lambda$startFileProcessing$0
INFO: Không có file nào trong thư mục pending.
May 14, 2025 3:38:30 PM com.example.demo.Tool lambda$startFileProcessing$0
INFO: Đang kiểm tra file trong thư mục pending...
May 14, 2025 3:38:30 PM com.example.demo.Tool lambda$startFileProcessing$0
INFO: Đường dẫn thư mục pending: /home/hieph/Documents/demo/DEMO/pending
May 14, 2025 3:38:30 PM com.example.demo.Tool lambda$startFileProcessing$0
INFO: Không có file nào trong thư mục pending.
May 14, 2025 3:39:30 PM com.example.demo.Tool lambda$startFileProcessing$0
INFO: Đang kiểm tra file trong thư mục pending...
May 14, 2025 3:39:30 PM com.example.demo.Tool lambda$startFileProcessing$0
INFO: Đường dẫn thư mục pending: /home/hieph/Documents/demo/DEMO/pending
May 14, 2025 3:39:30 PM com.example.demo.Tool lambda$startFileProcessing$0
INFO: Không có file nào trong thư mục pending.
May 14, 2025 3:40:30 PM com.example.demo.Tool lambda$startFileProcessing$0
INFO: Đang kiểm tra file trong thư mục pending...
May 14, 2025 3:40:30 PM com.example.demo.Tool lambda$startFileProcessing$0
INFO: Đường dẫn thư mục pending: /home/hieph/Documents/demo/DEMO/pending
May 14, 2025 3:40:30 PM com.example.demo.Tool lambda$startFileProcessing$0
INFO: Không có file nào trong thư mục pending.
May 14, 2025 3:41:30 PM com.example.demo.Tool lambda$startFileProcessing$0
INFO: Đang kiểm tra file trong thư mục pending...
May 14, 2025 3:41:30 PM com.example.demo.Tool lambda$startFileProcessing$0
INFO: Đường dẫn thư mục pending: /home/hieph/Documents/demo/DEMO/pending
May 14, 2025 3:41:30 PM com.example.demo.Tool lambda$startFileProcessing$0
INFO: Không có file nào trong thư mục pending.
May 14, 2025 3:42:30 PM com.example.demo.Tool lambda$startFileProcessing$0
INFO: Đang kiểm tra file trong thư mục pending...
May 14, 2025 3:42:30 PM com.example.demo.Tool lambda$startFileProcessing$0
INFO: Đường dẫn thư mục pending: /home/hieph/Documents/demo/DEMO/pending
May 14, 2025 3:42:30 PM com.example.demo.Tool lambda$startFileProcessing$0
INFO: Không có file nào trong thư mục pending.
